1694678802258	geckodriver	INFO	Listening on 127.0.0.1:60804
1694678805333	mozrunner::runner	INFO	Running command: "C:\\Program Files\\Mozilla Firefox\\firefox.exe" "--marionette" "--remote-debugging-port" "60805" "--remote-allow-hosts" "localhost" "-no-remote" "-profile" "C:\\Users\\HP\\AppData\\Local\\Temp\\rust_mozprofilewJg0ef"
console.warn: services.settings: Ignoring preference override of remote settings server
console.warn: services.settings: Allow by setting MOZ_REMOTE_SETTINGS_DEVTOOLS=1 in the environment
1694678806196	Marionette	INFO	Marionette enabled
Dynamically enable window occlusion 0
1694678806362	Marionette	INFO	Listening on port 60821
WebDriver BiDi listening on ws://127.0.0.1:60805
Read port: 60821
1694678806794	RemoteAgent	WARN	TLS certificate errors will be ignored for this session
DevTools listening on ws://127.0.0.1:60805/devtools/browser/19404e54-76a1-454d-8471-df5cc6365b7b
1694678823454	Marionette	INFO	Stopped listening on port 60821
Dynamically enable window occlusion 1
!!! error running onStopped callback: TypeError: callback is not a function
console.error: (new Error("IndexedDB: main/url-classifier-skip-urls list() IndexedDB:  execute() The application is shutting down", "resource://services-settings/IDBHelpers.sys.mjs", 16))
1694678831041	geckodriver	INFO	Listening on 127.0.0.1:60860
1694678834123	mozrunner::runner	INFO	Running command: "C:\\Program Files\\Mozilla Firefox\\firefox.exe" "--marionette" "--remote-debugging-port" "60861" "--remote-allow-hosts" "localhost" "-no-remote" "-profile" "C:\\Users\\HP\\AppData\\Local\\Temp\\rust_mozprofileN9nnZO"
console.warn: services.settings: Ignoring preference override of remote settings server
console.warn: services.settings: Allow by setting MOZ_REMOTE_SETTINGS_DEVTOOLS=1 in the environment
1694678834521	Marionette	INFO	Marionette enabled
Dynamically enable window occlusion 0
1694678834667	Marionette	INFO	Listening on port 60868
WebDriver BiDi listening on ws://127.0.0.1:60861
Read port: 60868
1694678834923	RemoteAgent	WARN	TLS certificate errors will be ignored for this session
DevTools listening on ws://127.0.0.1:60861/devtools/browser/e82b6bb8-533b-4cd1-ae95-2738cd0d9c5e
1694684283989	Marionette	INFO	Stopped listening on port 60868
Dynamically enable window occlusion 1
ng command: "C:\\Program Files\\Mozilla Firefox\\firefox.exe" "--marionette" "--remote-debugging-port" "60965" "--remote-allow-hosts" "localhost" "-no-remote" "-profile" "C:\\Users\\HP\\AppData\\Local\\Temp\\rust_mozprofileDwpIBw"
console.warn: services.settings: Ignoring preference override of remote settings server
console.warn: services.settings: Allow by setting MOZ_REMOTE_SETTINGS_DEVTOOLS=1 in the environment
1694679106098	Marionette	INFO	Marionette enabled
Dynamically enable window occlusion 0
1694679106242	Marionette	INFO	Listening on port 60972
WebDriver BiDi listening on ws://127.0.0.1:60965
Read port: 60972
1694679106517	RemoteAgent	WARN	TLS certificate errors will be ignored for this session
DevTools listening on ws://127.0.0.1:60965/devtools/browser/aff1795a-4448-42fe-9ca2-d502ecf3fda0
1694684294894	Marionette	INFO	Stopped listening on port 60972
Dynamically enable window occlusion 1
1694695539628	geckodriver	INFO	Listening on 127.0.0.1:59427
1694695542729	mozrunner::runner	INFO	Running command: "C:\\Program Files\\Mozilla Firefox\\firefox.exe" "--marionette" "--remote-debugging-port" "59428" "--remote-allow-hosts" "localhost" "-no-remote" "-profile" "C:\\Users\\HP\\AppData\\Local\\Temp\\rust_mozprofilez00amN"
console.warn: services.settings: Ignoring preference override of remote settings server
console.warn: services.settings: Allow by setting MOZ_REMOTE_SETTINGS_DEVTOOLS=1 in the environment
1694695543537	Marionette	INFO	Marionette enabled
Dynamically enable window occlusion 0
1694695543700	Marionette	INFO	Listening on port 59440
WebDriver BiDi listening on ws://127.0.0.1:59428
Read port: 59440
1694695544057	RemoteAgent	WARN	TLS certificate errors will be ignored for this session
DevTools listening on ws://127.0.0.1:59428/devtools/browser/10caa22d-9700-475b-8571-db15c2628e10
1694695559432	Marionette	INFO	Stopped listening on port 59440
Dynamically enable window occlusion 1
!!! error running onStopped callback: TypeError: callback is not a function
console.error: (new Error("IndexedDB: main/url-classifier-skip-urls list() IndexedDB:  execute() The application is shutting down", "resource://services-settings/IDBHelpers.sys.mjs", 16))
console.error: (new Error("Data is not ready.", "resource://gre/modules/JSONFile.sys.mjs", 178))
1694695647989	geckodriver	INFO	Listening on 127.0.0.1:59555
1694695651045	mozrunner::runner	INFO	Running command: "C:\\Program Files\\Mozilla Firefox\\firefox.exe" "--marionette" "--remote-debugging-port" "59556" "--remote-allow-hosts" "localhost" "-no-remote" "-profile" "C:\\Users\\HP\\AppData\\Local\\Temp\\rust_mozprofilejVc7qS"
console.warn: services.settings: Ignoring preference override of remote settings server
console.warn: services.settings: Allow by setting MOZ_REMOTE_SETTINGS_DEVTOOLS=1 in the environment
1694695651442	Marionette	INFO	Marionette enabled
Dynamically enable window occlusion 0
1694695651599	Marionette	INFO	Listening on port 59566
WebDriver BiDi listening on ws://127.0.0.1:59556
Read port: 59566
1694695651871	RemoteAgent	WARN	TLS certificate errors will be ignored for this session
DevTools listening on ws://127.0.0.1:59556/devtools/browser/ec0b6903-efc8-4e85-b819-7ad8ae52cd7b
JavaScript warning: https://www.google.com/xjs/_/js/k=xjs.s.en_GB.-SFv3UI9V2A.O/am=CAAAAAAAAAAAAAAAAgCgBsIhgA0wQCAAAgAAIAAABQURBDAAEOBRJhIDAEgACIEJIAb2AABKqAYAAAAAQNgPAAAAAADBAiAAgNQEMCAEKAIEAAAAQB4AgAcAGERYAAAAAAAAAAAAAAFPEAwuSAAEBEAAAAAAAAAAAABAKpu8GEA/d=1/ed=1/dg=2/rs=ACT90oHsHVq91EBlwu7YSGL-sg0bYOhWFQ/ee=cEt90b:ws9Tlc;qddgKe:x4FYXe,d7YSfd;yxTchf:KUM7Z;dtl0hd:lLQWFe;eHDfl:ofjVkb;qaS3gd:yiLg6e;nAFL3:NTMZac,s39S4;oGtAuc:sOXFj;iFQyKf:vfuNJf,QIhFr;SNUn3:ZwDk9d,x8cHvb;io8t5d:sgY6Zb;Oj465e:KG2eXe,KG2eXe;Erl4fe:FloWmf,FloWmf;JsbNhc:Xd8iUd;sP4Vbe:VwDzFe;kMFpHd:OTA3Ae;uY49fb:COQbmf;Pjplud:PoEs9b,EEDORb;QGR0gd:Mlhmy;a56pNe:JEfCwb;Me32dd:MEeYgc;wR5FRb:TtcOte,O1Gjze;pXdRYb:JKoKVe;dIoSBb:ZgGg9b;EmZ2Bf:zr1jrb;NSEoX:lazG7b;eBAeSb:Ck63tb;WCEKNd:I46Hvd;wV5Pjc:L8KGxe;EVNhjf:pw70Gc;sTsDMc:kHVSUb;wQlYve:aLUfP;zOsCQe:Ko78Df;KcokUb:KiuZBf;YV5bee:IvPZ6d;kbAm9d:MkHyGd;ZWEUA:afR4Cf;g8nkx:U4MzKc;lzgfYb:PI40bd;w9w86d:dt4g2b;GleZL:J1A7Od;bcPXSc:gSZLJb;JXS8fb:Qj0suc;IoGlCf:b5lhvb;VN6jIc:ddQyuf;vfVwPd:lcrkwe;ESrPQc:mNTJvc;qavrXe:zQzcXe,mYbt1d;pNsl2d:j9Yuyc;VGRfx:VFqbr;BjwMce:cXX2Wb;R9Ulx:CR7Ufe;kY7VAf:d91TEb;KpRAue:Tia57b;jY0zg:Q6tNgc;l8Azde:j4Ca9b;oSUNyd:fTfGO,fTfGO,pnvXVc;SMDL4c:fTfGO,pnvXVc;aZ61od:arTwJ;ZrFutb:W4Cdfc;K8vqCc:MyIcle;NPKaK:SdcwHb;LBgRLc:XVMNvd,SdcwHb;rQSrae:C6D5Fc;kCQyJ:ueyPK;KQzWid:mB4wNe;EABSZ:MXZt9d;TxfV6d:YORN0b;UDrY1c:eps46d;F9mqte:UoRcbe;Nyt6ic:jn2sGd;w3bZCb:ZPGaIb;G0KhTb:LIaoZ;XUezZ:sa7lqb;aAJE9c:WHW6Ef;V2HTTe:RolTY;Wfmdue:g3MJlb;imqimf:jKGL2e;BgS6mb:fidj5d;UVmjEd:EesRsb;z97YGf:oug9te;AfeaP:TkrAjf;eBZ5Nd:audvde;CxXAWb:YyRLvc;SLtqO:Kh1xYe;tosKvd:ZCqP3;VOcgDe:YquhTb;uuQkY:u2V3ud;WDGyFe:jcVOxd;trZL0b:qY8PFe;VxQ32b:k0XsBb;DULqB:RKfG5c;Np8Qkd:Dpx6qc;cFTWae:gT8qnd;gaub4:TN6bMe;xBbsrc:NEW1Qc;DpcR3d:zL72xf;hjRo6e:F62sG;yGxLoc:FmAr0c;oUlnpc:RagDlc;R2kc8b:ALJqWb;pj82le:mg5CW;dLlj2:Qqt3Gf;qGV2uc:HHi04c;gtVSi:ekUOYd;UyG7Kb:wQd0G;LsNahb:ucGLNb;xbe2wc:wbTLEd;Q1Ow7b:x5CSu;bFZ6gf:RsDQqe;okUaUd:wItadb;G6wU6e:hezEbd;uknmt:GkPrzb;PqHfGe:im2cZe;Fmv9Nc:O1Tzwc;hK67qb:QWEO5b;BMxAGc:E5bFse;R4IIIb:QWfeKf;whEZac:F4AmNb;tH4IIe:Ymry6;lkq0A:JyBE3e;daB6be:lMxGPd;U96pRd:FsR04;LEikZe:byfTOb,lsjVmc/m=cdos,cr,hsm,jsa,mb4ZUb,d,csi,cEt90b,SNUn3,qddgKe,sTsDMc,dtl0hd,eHDfl, line 403: Script terminated by timeout at:
_.Nk@https://www.google.com/xjs/_/js/k=xjs.s.en_GB.-SFv3UI9V2A.O/am=CAAAAAAAAAAAAAAAAgCgBsIhgA0wQCAAAgAAIAAABQURBDAAEOBRJhIDAEgACIEJIAb2AABKqAYAAAAAQNgPAAAAAADBAiAAgNQEMCAEKAIEAAAAQB4AgAcAGERYAAAAAAAAAAAAAAFPEAwuSAAEBEAAAAAAAAAAAABAKpu8GEA/d=1/ed=1/dg=2/rs=ACT90oHsHVq91EBlwu7YSGL-sg0bYOhWFQ/ee=cEt90b:ws9Tlc;qddgKe:x4FYXe,d7YSfd;yxTchf:KUM7Z;dtl0hd:lLQWFe;eHDfl:ofjVkb;qaS3gd:yiLg6e;nAFL3:NTMZac,s39S4;oGtAuc:sOXFj;iFQyKf:vfuNJf,QIhFr;SNUn3:ZwDk9d,x8cHvb;io8t5d:sgY6Zb;Oj465e:KG2eXe,KG2eXe;Erl4fe:FloWmf,FloWmf;JsbNhc:Xd8iUd;sP4Vbe:VwDzFe;kMFpHd:OTA3Ae;uY49fb:COQbmf;Pjplud:PoEs9b,EEDORb;QGR0gd:Mlhmy;a56pNe:JEfCwb;Me32dd:MEeYgc;wR5FRb:TtcOte,O1Gjze;pXdRYb:JKoKVe;dIoSBb:ZgGg9b;EmZ2Bf:zr1jrb;NSEoX:lazG7b;eBAeSb:Ck63tb;WCEKNd:I46Hvd;wV5Pjc:L8KGxe;EVNhjf:pw70Gc;sTsDMc:kHVSUb;wQlYve:aLUfP;zOsCQe:Ko78Df;KcokUb:KiuZBf;YV5bee:IvPZ6d;kbAm9d:MkHyGd;ZWEUA:afR4Cf;g8nkx:U4MzKc;lzgfYb:PI40bd;w9w86d:dt4g2b;GleZL:J1A7Od;bcPXSc:gSZLJb;JXS8fb:Qj0suc;IoGlCf:b5lhvb;VN6jIc:ddQyuf;vfVwPd:lcrkwe;ESrPQc:mNTJvc;qavrXe:zQzcXe,mYbt1d;pNsl2d:j9Yuyc;VGRfx:VFqbr;BjwMce:cXX2Wb;R9Ulx:CR7Ufe;kY7VAf:d91TEb;KpRAue:Tia57b;jY0zg:Q6tNgc;l8Azde:j4Ca9b;oSUNyd:fTfGO,fTfGO,pnvXVc;SMDL4c:fTfGO,pnvXVc;aZ61od:arTwJ;ZrFutb:W4Cdfc;K8vqCc:MyIcle;NPKaK:SdcwHb;LBgRLc:XVMNvd,SdcwHb;rQSrae:C6D5Fc;kCQyJ:ueyPK;KQzWid:mB4wNe;EABSZ:MXZt9d;TxfV6d:YORN0b;UDrY1c:eps46d;F9mqte:UoRcbe;Nyt6ic:jn2sGd;w3bZCb:ZPGaIb;G0KhTb:LIaoZ;XUezZ:sa7lqb;aAJE9c:WHW6Ef;V2HTTe:RolTY;Wfmdue:g3MJlb;imqimf:jKGL2e;BgS6mb:fidj5d;UVmjEd:EesRsb;z97YGf:oug9te;AfeaP:TkrAjf;eBZ5Nd:audvde;CxXAWb:YyRLvc;SLtqO:Kh1xYe;tosKvd:ZCqP3;VOcgDe:YquhTb;uuQkY:u2V3ud;WDGyFe:jcVOxd;trZL0b:qY8PFe;VxQ32b:k0XsBb;DULqB:RKfG5c;Np8Qkd:Dpx6qc;cFTWae:gT8qnd;gaub4:TN6bMe;xBbsrc:NEW1Qc;DpcR3d:zL72xf;hjRo6e:F62sG;yGxLoc:FmAr0c;oUlnpc:RagDlc;R2kc8b:ALJqWb;pj82le:mg5CW;dLlj2:Qqt3Gf;qGV2uc:HHi04c;gtVSi:ekUOYd;UyG7Kb:wQd0G;LsNahb:ucGLNb;xbe2wc:wbTLEd;Q1Ow7b:x5CSu;bFZ6gf:RsDQqe;okUaUd:wItadb;G6wU6e:hezEbd;uknmt:GkPrzb;PqHfGe:im2cZe;Fmv9Nc:O1Tzwc;hK67qb:QWEO5b;BMxAGc:E5bFse;R4IIIb:QWfeKf;whEZac:F4AmNb;tH4IIe:Ymry6;lkq0A:JyBE3e;daB6be:lMxGPd;U96pRd:FsR04;LEikZe:byfTOb,lsjVmc/m=cdos,cr,hsm,jsa,mb4ZUb,d,csi,cEt90b,SNUn3,qddgKe,sTsDMc,dtl0hd,eHDfl:403:459
_.Rk@https://www.google.com/xjs/_/js/k=xjs.s.en_GB.-SFv3UI9V2A.O/am=CAAAAAAAAAAAAAAAAgCgBsIhgA0wQCAAAgAAIAAABQURBDAAEOBRJhIDAEgACIEJIAb2AABKqAYAAAAAQNgPAAAAAADBAiAAgNQEMCAEKAIEAAAAQB4AgAcAGERYAAAAAAAAAAAAAAFPEAwuSAAEBEAAAAAAAAAAAABAKpu8GEA/d=1/ed=1/dg=2/rs=ACT90oHsHVq91EBlwu7YSGL-sg0bYOhWFQ/ee=cEt90b:ws9Tlc;qddgKe:x4FYXe,d7YSfd;yxTchf:KUM7Z;dtl0hd:lLQWFe;eHDfl:ofjVkb;qaS3gd:yiLg6e;nAFL3:NTMZac,s39S4;oGtAuc:sOXFj;iFQyKf:vfuNJf,QIhFr;SNUn3:ZwDk9d,x8cHvb;io8t5d:sgY6Zb;Oj465e:KG2eXe,KG2eXe;Erl4fe:FloWmf,FloWmf;JsbNhc:Xd8iUd;sP4Vbe:VwDzFe;kMFpHd:OTA3Ae;uY49fb:COQbmf;Pjplud:PoEs9b,EEDORb;QGR0gd:Mlhmy;a56pNe:JEfCwb;Me32dd:MEeYgc;wR5FRb:TtcOte,O1Gjze;pXdRYb:JKoKVe;dIoSBb:ZgGg9b;EmZ2Bf:zr1jrb;NSEoX:lazG7b;eBAeSb:Ck63tb;WCEKNd:I46Hvd;wV5Pjc:L8KGxe;EVNhjf:pw70Gc;sTsDMc:kHVSUb;wQlYve:aLUfP;zOsCQe:Ko78Df;KcokUb:KiuZBf;YV5bee:IvPZ6d;kbAm9d:MkHyGd;ZWEUA:afR4Cf;g8nkx:U4MzKc;lzgfYb:PI40bd;w9w86d:dt4g2b;GleZL:J1A7Od;bcPXSc:gSZLJb;JXS8fb:Qj0suc;IoGlCf:b5lhvb;VN6jIc:ddQyuf;vfVwPd:lcrkwe;ESrPQc:mNTJvc;qavrXe:zQzcXe,mYbt1d;pNsl2d:j9Yuyc;VGRfx:VFqbr;BjwMce:cXX2Wb;R9Ulx:CR7Ufe;kY7VAf:d91TEb;KpRAue:Tia57b;jY0zg:Q6tNgc;l8Azde:j4Ca9b;oSUNyd:fTfGO,fTfGO,pnvXVc;SMDL4c:fTfGO,pnvXVc;aZ61od:arTwJ;ZrFutb:W4Cdfc;K8vqCc:MyIcle;NPKaK:SdcwHb;LBgRLc:XVMNvd,SdcwHb;rQSrae:C6D5Fc;kCQyJ:ueyPK;KQzWid:mB4wNe;EABSZ:MXZt9d;TxfV6d:YORN0b;UDrY1c:eps46d;F9mqte:UoRcbe;Nyt6ic:jn2sGd;w3bZCb:ZPGaIb;G0KhTb:LIaoZ;XUezZ:sa7lqb;aAJE9c:WHW6Ef;V2HTTe:RolTY;Wfmdue:g3MJlb;imqimf:jKGL2e;BgS6mb:fidj5d;UVmjEd:EesRsb;z97YGf:oug9te;AfeaP:TkrAjf;eBZ5Nd:audvde;CxXAWb:YyRLvc;SLtqO:Kh1xYe;tosKvd:ZCqP3;VOcgDe:YquhTb;uuQkY:u2V3ud;WDGyFe:jcVOxd;trZL0b:qY8PFe;VxQ32b:k0XsBb;DULqB:RKfG5c;Np8Qkd:Dpx6qc;cFTWae:gT8qnd;gaub4:TN6bMe;xBbsrc:NEW1Qc;DpcR3d:zL72xf;hjRo6e:F62sG;yGxLoc:FmAr0c;oUlnpc:RagDlc;R2kc8b:ALJqWb;pj82le:mg5CW;dLlj2:Qqt3Gf;qGV2uc:HHi04c;gtVSi:ekUOYd;UyG7Kb:wQd0G;LsNahb:ucGLNb;xbe2wc:wbTLEd;Q1Ow7b:x5CSu;bFZ6gf:RsDQqe;okUaUd:wItadb;G6wU6e:hezEbd;uknmt:GkPrzb;PqHfGe:im2cZe;Fmv9Nc:O1Tzwc;hK67qb:QWEO5b;BMxAGc:E5bFse;R4IIIb:QWfeKf;whEZac:F4AmNb;tH4IIe:Ymry6;lkq0A:JyBE3e;daB6be:lMxGPd;U96pRd:FsR04;LEikZe:byfTOb,lsjVmc/m=cdos,cr,hsm,jsa,mb4ZUb,d,csi,cEt90b,SNUn3,qddgKe,sTsDMc,dtl0hd,eHDfl:408:1034
Ota@https://www.google.com/xjs/_/js/k=xjs.s.en_GB.-SFv3UI9V2A.O/am=CAAAAAAAAAAAAAAAAgCgBsIhgA0wQCAAAgAAIAAABQURBDAAEOBRJhIDAEgACIEJIAb2AABKqAYAAAAAQNgPAAAAAADBAiAAgNQEMCAEKAIEAAAAQB4AgAcAGERYAAAAAAAAAAAAAAFPEAwuSAAEBEAAAAAAAAAAAABAKpu8GEA/d=1/ed=1/dg=2/rs=ACT90oHsHVq91EBlwu7YSGL-sg0bYOhWFQ/ee=cEt90b:ws9Tlc;qddgKe:x4FYXe,d7YSfd;yxTchf:KUM7Z;dtl0hd:lLQWFe;eHDfl:ofjVkb;qaS3gd:yiLg6e;nAFL3:NTMZac,s39S4;oGtAuc:sOXFj;iFQyKf:vfuNJf,QIhFr;SNUn3:ZwDk9d,x8cHvb;io8t5d:sgY6Zb;Oj465e:KG2eXe,KG2eXe;Erl4fe:FloWmf,FloWmf;JsbNhc:Xd8iUd;sP4Vbe:VwDzFe;kMFpHd:OTA3Ae;uY49fb:COQbmf;Pjplud:PoEs9b,EEDORb;QGR0gd:Mlhmy;a56pNe:JEfCwb;Me32dd:MEeYgc;wR5FRb:TtcOte,O1Gjze;pXdRYb:JKoKVe;dIoSBb:ZgGg9b;EmZ2Bf:zr1jrb;NSEoX:lazG7b;eBAeSb:Ck63tb;WCEKNd:I46Hvd;wV5Pjc:L8KGxe;EVNhjf:pw70Gc;sTsDMc:kHVSUb;wQlYve:aLUfP;zOsCQe:Ko78Df;KcokUb:KiuZBf;YV5bee:IvPZ6d;kbAm9d:MkHyGd;ZWEUA:afR4Cf;g8nkx:U4MzKc;lzgfYb:PI40bd;w9w86d:dt4g2b;GleZL:J1A7Od;bcPXSc:gSZLJb;JXS8fb:Qj0suc;IoGlCf:b5lhvb;VN6jIc:ddQyuf;vfVwPd:lcrkwe;ESrPQc:mNTJvc;qavrXe:zQzcXe,mYbt1d;pNsl2d:j9Yuyc;VGRfx:VFqbr;BjwMce:cXX2Wb;R9Ulx:CR7Ufe;kY7VAf:d91TEb;KpRAue:Tia57b;jY0zg:Q6tNgc;l8Azde:j4Ca9b;oSUNyd:fTfGO,fTfGO,pnvXVc;SMDL4c:fTfGO,pnvXVc;aZ61od:arTwJ;ZrFutb:W4Cdfc;K8vqCc:MyIcle;NPKaK:SdcwHb;LBgRLc:XVMNvd,SdcwHb;rQSrae:C6D5Fc;kCQyJ:ueyPK;KQzWid:mB4wNe;EABSZ:MXZt9d;TxfV6d:YORN0b;UDrY1c:eps46d;F9mqte:UoRcbe;Nyt6ic:jn2sGd;w3bZCb:ZPGaIb;G0KhTb:LIaoZ;XUezZ:sa7lqb;aAJE9c:WHW6Ef;V2HTTe:RolTY;Wfmdue:g3MJlb;imqimf:jKGL2e;BgS6mb:fidj5d;UVmjEd:EesRsb;z97YGf:oug9te;AfeaP:TkrAjf;eBZ5Nd:audvde;CxXAWb:YyRLvc;SLtqO:Kh1xYe;tosKvd:ZCqP3;VOcgDe:YquhTb;uuQkY:u2V3ud;WDGyFe:jcVOxd;trZL0b:qY8PFe;VxQ32b:k0XsBb;DULqB:RKfG5c;Np8Qkd:Dpx6qc;cFTWae:gT8qnd;gaub4:TN6bMe;xBbsrc:NEW1Qc;DpcR3d:zL72xf;hjRo6e:F62sG;yGxLoc:FmAr0c;oUlnpc:RagDlc;R2kc8b:ALJqWb;pj82le:mg5CW;dLlj2:Qqt3Gf;qGV2uc:HHi04c;gtVSi:ekUOYd;UyG7Kb:wQd0G;LsNahb:ucGLNb;xbe2wc:wbTLEd;Q1Ow7b:x5CSu;bFZ6gf:RsDQqe;okUaUd:wItadb;G6wU6e:hezEbd;uknmt:GkPrzb;PqHfGe:im2cZe;Fmv9Nc:O1Tzwc;hK67qb:QWEO5b;BMxAGc:E5bFse;R4IIIb:QWfeKf;whEZac:F4AmNb;tH4IIe:Ymry6;lkq0A:JyBE3e;daB6be:lMxGPd;U96pRd:FsR04;LEikZe:byfTOb,lsjVmc/m=cdos,cr,hsm,jsa,mb4ZUb,d,csi,cEt90b,SNUn3,qddgKe,sTsDMc,dtl0hd,eHDfl:420:347
b@https://www.google.com/xjs/_/js/k=xjs.s.en_GB.-SFv3UI9V2A.O/am=CAAAAAAAAAAAAAAAAgCgBsIhgA0wQCAAAgAAIAAABQURBDAAEOBRJhIDAEgACIEJIAb2AABKqAYAAAAAQNgPAAAAAADBAiAAgNQEMCAEKAIEAAAAQB4AgAcAGERYAAAAAAAAAAAAAAFPEAwuSAAEBEAAAAAAAAAAAABAKpu8GEA/d=1/ed=1/dg=2/rs=ACT90oHsHVq91EBlwu7YSGL-sg0bYOhWFQ/ee=cEt90b:ws9Tlc;qddgKe:x4FYXe,d7YSfd;yxTchf:KUM7Z;dtl0hd:lLQWFe;eHDfl:ofjVkb;qaS3gd:yiLg6e;nAFL3:NTMZac,s39S4;oGtAuc:sOXFj;iFQyKf:vfuNJf,QIhFr;SNUn3:ZwDk9d,x8cHvb;io8t5d:sgY6Zb;Oj465e:KG2eXe,KG2eXe;Erl4fe:FloWmf,FloWmf;JsbNhc:Xd8iUd;sP4Vbe:VwDzFe;kMFpHd:OTA3Ae;uY49fb:COQbmf;Pjplud:PoEs9b,EEDORb;QGR0gd:Mlhmy;a56pNe:JEfCwb;Me32dd:MEeYgc;wR5FRb:TtcOte,O1Gjze;pXdRYb:JKoKVe;dIoSBb:ZgGg9b;EmZ2Bf:zr1jrb;NSEoX:lazG7b;eBAeSb:Ck63tb;WCEKNd:I46Hvd;wV5Pjc:L8KGxe;EVNhjf:pw70Gc;sTsDMc:kHVSUb;wQlYve:aLUfP;zOsCQe:Ko78Df;KcokUb:KiuZBf;YV5bee:IvPZ6d;kbAm9d:MkHyGd;ZWEUA:afR4Cf;g8nkx:U4MzKc;lzgfYb:PI40bd;w9w86d:dt4g2b;GleZL:J1A7Od;bcPXSc:gSZLJb;JXS8fb:Qj0suc;IoGlCf:b5lhvb;VN6jIc:ddQyuf;vfVwPd:lcrkwe;ESrPQc:mNTJvc;qavrXe:zQzcXe,mYbt1d;pNsl2d:j9Yuyc;VGRfx:VFqbr;BjwMce:cXX2Wb;R9Ulx:CR7Ufe;kY7VAf:d91TEb;KpRAue:Tia57b;jY0zg:Q6tNgc;l8Azde:j4Ca9b;oSUNyd:fTfGO,fTfGO,pnvXVc;SMDL4c:fTfGO,pnvXVc;aZ61od:arTwJ;ZrFutb:W4Cdfc;K8vqCc:MyIcle;NPKaK:SdcwHb;LBgRLc:XVMNvd,SdcwHb;rQSrae:C6D5Fc;kCQyJ:ueyPK;KQzWid:mB4wNe;EABSZ:MXZt9d;TxfV6d:YORN0b;UDrY1c:eps46d;F9mqte:UoRcbe;Nyt6ic:jn2sGd;w3bZCb:ZPGaIb;G0KhTb:LIaoZ;XUezZ:sa7lqb;aAJE9c:WHW6Ef;V2HTTe:RolTY;Wfmdue:g3MJlb;imqimf:jKGL2e;BgS6mb:fidj5d;UVmjEd:EesRsb;z97YGf:oug9te;AfeaP:TkrAjf;eBZ5Nd:audvde;CxXAWb:YyRLvc;SLtqO:Kh1xYe;tosKvd:ZCqP3;VOcgDe:YquhTb;uuQkY:u2V3ud;WDGyFe:jcVOxd;trZL0b:qY8PFe;VxQ32b:k0XsBb;DULqB:RKfG5c;Np8Qkd:Dpx6qc;cFTWae:gT8qnd;gaub4:TN6bMe;xBbsrc:NEW1Qc;DpcR3d:zL72xf;hjRo6e:F62sG;yGxLoc:FmAr0c;oUlnpc:RagDlc;R2kc8b:ALJqWb;pj82le:mg5CW;dLlj2:Qqt3Gf;qGV2uc:HHi04c;gtVSi:ekUOYd;UyG7Kb:wQd0G;LsNahb:ucGLNb;xbe2wc:wbTLEd;Q1Ow7b:x5CSu;bFZ6gf:RsDQqe;okUaUd:wItadb;G6wU6e:hezEbd;uknmt:GkPrzb;PqHfGe:im2cZe;Fmv9Nc:O1Tzwc;hK67qb:QWEO5b;BMxAGc:E5bFse;R4IIIb:QWfeKf;whEZac:F4AmNb;tH4IIe:Ymry6;lkq0A:JyBE3e;daB6be:lMxGPd;U96pRd:FsR04;LEikZe:byfTOb,lsjVmc/m=cdos,cr,hsm,jsa,mb4ZUb,d,csi,cEt90b,SNUn3,qddgKe,sTsDMc,dtl0hd,eHDfl:416:49

1694713462991	Marionette	INFO	Stopped listening on port 59566
Dynamically enable window occlusion 1
!!! error running onStopped callback: TypeError: callback is not a function
1694736213906	geckodriver	INFO	Listening on 127.0.0.1:61137
1694736217016	mozrunner::runner	INFO	Running command: "C:\\Program Files\\Mozilla Firefox\\firefox.exe" "--marionette" "--remote-debugging-port" "61138" "--remote-allow-hosts" "localhost" "-no-remote" "-profile" "C:\\Users\\HP\\AppData\\Local\\Temp\\rust_mozprofileKdqyGJ"
console.warn: services.settings: Ignoring preference override of remote settings server
console.warn: services.settings: Allow by setting MOZ_REMOTE_SETTINGS_DEVTOOLS=1 in the environment
1694736218097	Marionette	INFO	Marionette enabled
Dynamically enable window occlusion 0
1694736218343	Marionette	INFO	Listening on port 61149
WebDriver BiDi listening on ws://127.0.0.1:61138
Read port: 61149
1694736218762	RemoteAgent	WARN	TLS certificate errors will be ignored for this session
DevTools listening on ws://127.0.0.1:61138/devtools/browser/c771bd0a-7be0-4729-9f54-f315fa4bf91d
1694736262157	Marionette	INFO	Stopped listening on port 61149
Dynamically enable window occlusion 1
!!! error running onStopped callback: TypeError: callback is not a function
1694736370749	geckodriver	INFO	Listening on 127.0.0.1:61293
1694736373842	mozrunner::runner	INFO	Running command: "C:\\Program Files\\Mozilla Firefox\\firefox.exe" "--marionette" "--remote-debugging-port" "61294" "--remote-allow-hosts" "localhost" "-no-remote" "-profile" "C:\\Users\\HP\\AppData\\Local\\Temp\\rust_mozprofilervFUeA"
console.warn: services.settings: Ignoring preference override of remote settings server
console.warn: services.settings: Allow by setting MOZ_REMOTE_SETTINGS_DEVTOOLS=1 in the environment
1694736374404	Marionette	INFO	Marionette enabled
Dynamically enable window occlusion 0
1694736374552	Marionette	INFO	Listening on port 61303
WebDriver BiDi listening on ws://127.0.0.1:61294
Read port: 61303
1694736374877	RemoteAgent	WARN	TLS certificate errors will be ignored for this session
DevTools listening on ws://127.0.0.1:61294/devtools/browser/51645cb0-19d0-4d6e-8be6-001fa8d07f3e
console.warn: LoginRecipes: "Falling back to a synchronous message for: https://login.microsoftonline.com."
console.warn: LoginRecipes: "Falling back to a synchronous message for: https://login.microsoftonline.com."
JavaScript warning: https://securelayer7.bugdazz.com/main.3f1752683962293b.js, line 1: Script terminated by timeout at:
getInertBodyElement@https://securelayer7.bugdazz.com/main.3f1752683962293b.js:1:2461948
Ui@https://securelayer7.bugdazz.com/main.3f1752683962293b.js:1:2466614
sanitize@https://securelayer7.bugdazz.com/main.3f1752683962293b.js:1:2627743
_buildNotification@https://securelayer7.bugdazz.com/main.3f1752683962293b.js:1:2801848
_preBuildNotification@https://securelayer7.bugdazz.com/main.3f1752683962293b.js:1:2801148
error@https://securelayer7.bugdazz.com/main.3f1752683962293b.js:1:2799686
errorToast@https://securelayer7.bugdazz.com/main.3f1752683962293b.js:1:1950889
showError@https://securelayer7.bugdazz.com/558.44cfef184add6f89.js:1:78221
3558/MSlogin/<@https://securelayer7.bugdazz.com/558.44cfef184add6f89.js:1:77340
error@https://securelayer7.bugdazz.com/main.3f1752683962293b.js:1:730057
_error@https://securelayer7.bugdazz.com/main.3f1752683962293b.js:1:729698
error@https://securelayer7.bugdazz.com/main.3f1752683962293b.js:1:729460
9237/U/</<@https://securelayer7.bugdazz.com/main.3f1752683962293b.js:1:736501
551/Fe/k.prototype.invoke@https://securelayer7.bugdazz.com/polyfills.200de635e2a9aa8a.js:1:7656
onInvoke@https://securelayer7.bugdazz.com/main.3f1752683962293b.js:1:2545468
551/Fe/k.prototype.invoke@https://securelayer7.bugdazz.com/polyfills.200de635e2a9aa8a.js:1:7595
551/Fe/k.prototype.run@https://securelayer7.bugdazz.com/polyfills.200de635e2a9aa8a.js:1:2680
551/Fe/</Pe/<@https://securelayer7.bugdazz.com/polyfills.200de635e2a9aa8a.js:1:18675
551/Fe/k.prototype.invokeTask@https://securelayer7.bugdazz.com/polyfills.200de635e2a9aa8a.js:1:8342
onInvokeTask@https://securelayer7.bugdazz.com/main.3f1752683962293b.js:1:2545281
551/Fe/k.prototype.invokeTask@https://securelayer7.bugdazz.com/polyfills.200de635e2a9aa8a.js:1:8263
551/Fe/k.prototype.runTask@https://securelayer7.bugdazz.com/polyfills.200de635e2a9aa8a.js:1:3364
me@https://securelayer7.bugdazz.com/polyfills.200de635e2a9aa8a.js:1:10758
551/Fe/k.invokeTask@https://securelayer7.bugdazz.com/polyfills.200de635e2a9aa8a.js:1:9513
551/Fe/k/this.invoke<@https://securelayer7.bugdazz.com/polyfills.200de635e2a9aa8a.js:1:9373
551/Fe/sn/P/C.args[0]@https://securelayer7.bugdazz.com/polyfills.200de635e2a9aa8a.js:1:41418

JavaScript error: resource://gre/actors/BrowserElementParent.sys.mjs, line 21: TypeError: browser is null
JavaScript error: resource://gre/modules/AsyncShutdown.sys.mjs, line 573: NotFoundError: No such JSWindowActor 'DevToolsFrame'
1694744179960	Marionette	INFO	Stopped listening on port 61303
Dynamically enable window occlusion 1
!!! error running onStopped callback: TypeError: callback is not a function
1695572613389	geckodriver	INFO	Listening on 127.0.0.1:61984
1695572616530	mozrunner::runner	INFO	Running command: "C:\\Program Files\\Mozilla Firefox\\firefox.exe" "--marionette" "--remote-debugging-port" "61985" "--remote-allow-hosts" "localhost" "-no-remote" "-profile" "C:\\Users\\HP\\AppData\\Local\\Temp\\rust_mozprofileSfJu2L"
console.warn: services.settings: Ignoring preference override of remote settings server
console.warn: services.settings: Allow by setting MOZ_REMOTE_SETTINGS_DEVTOOLS=1 in the environment
1695572617608	Marionette	INFO	Marionette enabled
Dynamically enable window occlusion 0
1695572617775	Marionette	INFO	Listening on port 61993
WebDriver BiDi listening on ws://127.0.0.1:61985
Read port: 61993
1695572618120	RemoteAgent	WARN	TLS certificate errors will be ignored for this session
DevTools listening on ws://127.0.0.1:61985/devtools/browser/22f9a111-dacb-413d-8090-4899673c4fa9
console.warn: LoginRecipes: "Falling back to a synchronous message for: https://login.microsoftonline.com."
JavaScript warning: https://securelayer7.bugdazz.com/main.a7d7211b89e55cbd.js, line 1: Script terminated by timeout at:
_createContainer@https://securelayer7.bugdazz.com/main.a7d7211b89e55cbd.js:1:2798416
getContainerElement@https://securelayer7.bugdazz.com/main.a7d7211b89e55cbd.js:1:2798173
_createPaneElement@https://securelayer7.bugdazz.com/main.a7d7211b89e55cbd.js:1:2799241
getPaneElement@https://securelayer7.bugdazz.com/main.a7d7211b89e55cbd.js:1:2798957
create@https://securelayer7.bugdazz.com/main.a7d7211b89e55cbd.js:1:2798775
_buildNotification@https://securelayer7.bugdazz.com/main.a7d7211b89e55cbd.js:1:2802218
_preBuildNotification@https://securelayer7.bugdazz.com/main.a7d7211b89e55cbd.js:1:2801637
error@https://securelayer7.bugdazz.com/main.a7d7211b89e55cbd.js:1:2800175
errorToast@https://securelayer7.bugdazz.com/main.a7d7211b89e55cbd.js:1:1950963
showError@https://securelayer7.bugdazz.com/558.44cfef184add6f89.js:1:78221
3558/MSlogin/<@https://securelayer7.bugdazz.com/558.44cfef184add6f89.js:1:77340
error@https://securelayer7.bugdazz.com/main.a7d7211b89e55cbd.js:1:730057
_error@https://securelayer7.bugdazz.com/main.a7d7211b89e55cbd.js:1:729698
error@https://securelayer7.bugdazz.com/main.a7d7211b89e55cbd.js:1:729460
9237/U/</<@https://securelayer7.bugdazz.com/main.a7d7211b89e55cbd.js:1:736501
551/Fe/k.prototype.invoke@https://securelayer7.bugdazz.com/polyfills.200de635e2a9aa8a.js:1:7656
onInvoke@https://securelayer7.bugdazz.com/main.a7d7211b89e55cbd.js:1:2545957
551/Fe/k.prototype.invoke@https://securelayer7.bugdazz.com/polyfills.200de635e2a9aa8a.js:1:7595
551/Fe/k.prototype.run@https://securelayer7.bugdazz.com/polyfills.200de635e2a9aa8a.js:1:2680
551/Fe/</Pe/<@https://securelayer7.bugdazz.com/polyfills.200de635e2a9aa8a.js:1:18675
551/Fe/k.prototype.invokeTask@https://securelayer7.bugdazz.com/polyfills.200de635e2a9aa8a.js:1:8342
onInvokeTask@https://securelayer7.bugdazz.com/main.a7d7211b89e55cbd.js:1:2545770
551/Fe/k.prototype.invokeTask@https://securelayer7.bugdazz.com/polyfills.200de635e2a9aa8a.js:1:8263
551/Fe/k.prototype.runTask@https://securelayer7.bugdazz.com/polyfills.200de635e2a9aa8a.js:1:3364
me@https://securelayer7.bugdazz.com/polyfills.200de635e2a9aa8a.js:1:10758
551/Fe/k.invokeTask@https://securelayer7.bugdazz.com/polyfills.200de635e2a9aa8a.js:1:9513
551/Fe/k/this.invoke<@https://securelayer7.bugdazz.com/polyfills.200de635e2a9aa8a.js:1:9373
551/Fe/sn/P/C.argJavaScript error: resource://gre/actors/BrowserElementParent.sys.mjs, line 21: TypeError: browser is null
1695573377283	Marionette	INFO	Stopped listening on port 62116
Dynamically enable window occlusion 1
ript terminated by timeout at:
e.exports</e.prototype.hasEvents@https://aadcdn.msftauth.net/shared/1.0/content/js/ConvergedLogin_PCore_gi39Edvdc7MTH8raduM_DA2.js:18:152001
e.exports</e.prototype.post@https://aadcdn.msftauth.net/shared/1.0/content/js/ConvergedLogin_PCore_gi39Edvdc7MTH8raduM_DA2.js:18:159196
t@https://aadcdn.msftauth.net/shared/1.0/content/js/ConvergedLogin_PCore_gi39Edvdc7MTH8raduM_DA2.js:18:160671

JavaScript error: resource://gre/modules/AsyncShutdown.sys.mjs, line 573: NotFoundError: No such JSWindowActor 'DevToolsFrame'
1695573376346	Marionette	INFO	Stopped listening on port 61993
Dynamically enable window occlusion 1
1695573734874	geckodriver	INFO	Listening on 127.0.0.1:62244
1695573737950	mozrunner::runner	INFO	Running command: "C:\\Program Files\\Mozilla Firefox\\firefox.exe" "--marionette" "--remote-debugging-port" "62245" "--remote-allow-hosts" "localhost" "-no-remote" "-profile" "C:\\Users\\HP\\AppData\\Local\\Temp\\rust_mozprofilebQRG20"
console.warn: services.settings: Ignoring preference override of remote settings server
console.warn: services.settings: Allow by setting MOZ_REMOTE_SETTINGS_DEVTOOLS=1 in the environment
1695573738369	Marionette	INFO	Marionette enabled
Dynamically enable window occlusion 0
1695573738507	Marionette	INFO	Listening on port 62257
WebDriver BiDi listening on ws://127.0.0.1:62245
Read port: 62257
1695573738839	RemoteAgent	WARN	TLS certificate errors will be ignored for this session
DevTools listening on ws://127.0.0.1:62245/devtools/browser/e0f7b05e-e1f6-46d7-b7a5-ecba0a5d8759
console.warn: LoginRecipes: "Falling back to a synchronous message for: https://login.microsoftonline.com."
console.warn: LoginRecipes: "Falling back to a synchronous message for: https://login.microsoftonline.com."
console.warn: LoginRecipes: "Falling back to a synchronous message for: https://login.microsoftonline.com."
console.warn: LoginRecipes: "Falling back to a synchronous message for: https://login.microsoftonline.com."
console.warn: LoginRecipes: "Falling back to a synchronous message for: https://login.microsoftonline.com."
SourceActor threw an exception: [Exception... "Failed to open input source 'javascript:void(0);'"  nsresult: "0x80040111 (NS_ERROR_NOT_AVAILABLE)"  location: "JS frame :: resource://devtools/shared/DevToolsUtils.js :: mainThreadFetch/< :: line 703"  data: yes]
Stack: mainThreadFetch/<@resource://devtools/shared/DevToolsUtils.js:703:15
mainThreadFetch@resource://devtools/shared/DevToolsUtils.js:556:10
_fetchURLContents@resource://devtools/server/actors/utils/sources-manager.js:452:22
urlContents@resource://devtools/server/actors/utils/sources-manager.js:416:17
_resurrectSource@resource://devtools/server/actors/thread.js:2167:33
addAllSources@resource://devtools/server/actors/thread.js:1492:14
watch@resource://devtools/server/actors/resources/sources.js:78:17
watchResources@resource://devtools/server/actors/resources/index.js:322:19
addSessionDataEntry@resource://devtools/server/actors/targets/session-data-processors/resources.js:11:21
addSessionDataEntry@resource://devtools/server/actors/targets/base-target-actor.js:41:23
_addSessionDataEntry@resource://devtools/server/connectors/js-window-actor/DevToolsFrameChild.sys.mjs:527:24
receiveMessage@resource://devtools/server/connectors/js-window-actor/DevToolsFrameChild.sys.mjs:436:21
Line: 703, column: 0
console.error: ({})
JavaScript error: resource://devtools/shared/DevToolsUtils.js, line 703: NS_ERROR_NOT_AVAILABLE: Failed to open input source 'javascript:void(0);'
JavaScript error: resource://gre/modules/AsyncShutdown.sys.mjs, line 573: NotFoundError: No such JSWindowActor 'DevToolsFrame'
1695616266950	Marionette	INFO	Stopped listening on port 62257
Dynamically enable window occlusion 1
